<?xml version="1.0" encoding="UTF-8"?>
<testng-results ignored="0" total="0" passed="0" failed="0" skipped="0">
  <reporter-output>
  </reporter-output>
  <suite started-at="2019-02-06T21:49:07Z" name="com.uiFrameworkNew.AppTest" finished-at="2019-02-06T21:49:07Z" duration-ms="16">
    <groups>
    </groups>
    <test started-at="2019-02-06T21:49:07Z" name="Command line test" finished-at="2019-02-06T21:49:07Z" duration-ms="16">
    </test> <!-- Command line test -->
  </suite> <!-- com.uiFrameworkNew.AppTest -->
</testng-results>
